2022-04-01 13:13:35,839 [MainThread  ] [INFO ]  User-supplied arguments: ['--ncores', '1']
2022-04-01 13:13:35,840 [MainThread  ] [INFO ]  All arguments after parsing: Namespace(crossover='real_sbx', mutation_eta=20, mutation_prob=0.005, ncores=1, ngen=200, nruns=1, nshapevar=19, popsize=100, repair_inequality=False, repair_interval=10, repair_power=False, report_freq=10, save=None, seed=184716924, symmetric=False)
2022-04-01 13:13:35,840 [MainThread  ] [INFO ]  Population size = 100, Max. generations = 200
2022-04-01 13:13:35,840 [MainThread  ] [INFO ]  Vars = 279, Objectives = 2, Constraints = 2
2022-04-01 13:13:35,849 [MainThread  ] [INFO ]  Range of decision variables:
X_L=
[0.005 0.005 0.005 0.005 0.005 0.005 0.005 0.005 0.005 0.005 0.005 0.005
 0.005 0.005 0.005 0.005 0.005 0.005 0.005 0.005 0.005 0.005 0.005 0.005
 0.005 0.005 0.005 0.005 0.005 0.005 0.005 0.005 0.005 0.005 0.005 0.005
 0.005 0.005 0.005 0.005 0.005 0.005 0.005 0.005 0.005 0.005 0.005 0.005
 0.005 0.005 0.005 0.005 0.005 0.005 0.005 0.005 0.005 0.005 0.005 0.005
 0.005 0.005 0.005 0.005 0.005 0.005 0.005 0.005 0.005 0.005 0.005 0.005
 0.005 0.005 0.005 0.005 0.005 0.005 0.005 0.005 0.005 0.005 0.005 0.005
 0.005 0.005 0.005 0.005 0.005 0.005 0.005 0.005 0.005 0.005 0.005 0.005
 0.005 0.005 0.005 0.005 0.005 0.005 0.005 0.005 0.005 0.005 0.005 0.005
 0.005 0.005 0.005 0.005 0.005 0.005 0.005 0.005 0.005 0.005 0.005 0.005
 0.005 0.005 0.005 0.005 0.005 0.005 0.005 0.005 0.005 0.005 0.005 0.005
 0.005 0.005 0.005 0.005 0.005 0.005 0.005 0.005 0.005 0.005 0.005 0.005
 0.005 0.005 0.005 0.005 0.005 0.005 0.005 0.005 0.005 0.005 0.005 0.005
 0.005 0.005 0.005 0.005 0.005 0.005 0.005 0.005 0.005 0.005 0.005 0.005
 0.005 0.005 0.005 0.005 0.005 0.005 0.005 0.005 0.005 0.005 0.005 0.005
 0.005 0.005 0.005 0.005 0.005 0.005 0.005 0.005 0.005 0.005 0.005 0.005
 0.005 0.005 0.005 0.005 0.005 0.005 0.005 0.005 0.005 0.005 0.005 0.005
 0.005 0.005 0.005 0.005 0.005 0.005 0.005 0.005 0.005 0.005 0.005 0.005
 0.005 0.005 0.005 0.005 0.005 0.005 0.005 0.005 0.005 0.005 0.005 0.005
 0.005 0.005 0.005 0.005 0.005 0.005 0.005 0.005 0.005 0.005 0.005 0.005
 0.005 0.005 0.005 0.005 0.005 0.005 0.005 0.005 0.005 0.005 0.005 0.005
 0.005 0.005 0.005 0.005 0.005 0.005 0.005 0.005 0.5   0.5   0.5   0.5
 0.5   0.5   0.5   0.5   0.5   0.5   0.5   0.5   0.5   0.5   0.5   0.5
 0.5   0.5   0.5  ]
X_U=
[ 0.1  0.1  0.1  0.1  0.1  0.1  0.1  0.1  0.1  0.1  0.1  0.1  0.1  0.1
  0.1  0.1  0.1  0.1  0.1  0.1  0.1  0.1  0.1  0.1  0.1  0.1  0.1  0.1
  0.1  0.1  0.1  0.1  0.1  0.1  0.1  0.1  0.1  0.1  0.1  0.1  0.1  0.1
  0.1  0.1  0.1  0.1  0.1  0.1  0.1  0.1  0.1  0.1  0.1  0.1  0.1  0.1
  0.1  0.1  0.1  0.1  0.1  0.1  0.1  0.1  0.1  0.1  0.1  0.1  0.1  0.1
  0.1  0.1  0.1  0.1  0.1  0.1  0.1  0.1  0.1  0.1  0.1  0.1  0.1  0.1
  0.1  0.1  0.1  0.1  0.1  0.1  0.1  0.1  0.1  0.1  0.1  0.1  0.1  0.1
  0.1  0.1  0.1  0.1  0.1  0.1  0.1  0.1  0.1  0.1  0.1  0.1  0.1  0.1
  0.1  0.1  0.1  0.1  0.1  0.1  0.1  0.1  0.1  0.1  0.1  0.1  0.1  0.1
  0.1  0.1  0.1  0.1  0.1  0.1  0.1  0.1  0.1  0.1  0.1  0.1  0.1  0.1
  0.1  0.1  0.1  0.1  0.1  0.1  0.1  0.1  0.1  0.1  0.1  0.1  0.1  0.1
  0.1  0.1  0.1  0.1  0.1  0.1  0.1  0.1  0.1  0.1  0.1  0.1  0.1  0.1
  0.1  0.1  0.1  0.1  0.1  0.1  0.1  0.1  0.1  0.1  0.1  0.1  0.1  0.1
  0.1  0.1  0.1  0.1  0.1  0.1  0.1  0.1  0.1  0.1  0.1  0.1  0.1  0.1
  0.1  0.1  0.1  0.1  0.1  0.1  0.1  0.1  0.1  0.1  0.1  0.1  0.1  0.1
  0.1  0.1  0.1  0.1  0.1  0.1  0.1  0.1  0.1  0.1  0.1  0.1  0.1  0.1
  0.1  0.1  0.1  0.1  0.1  0.1  0.1  0.1  0.1  0.1  0.1  0.1  0.1  0.1
  0.1  0.1  0.1  0.1  0.1  0.1  0.1  0.1  0.1  0.1  0.1  0.1  0.1  0.1
  0.1  0.1  0.1  0.1  0.1  0.1  0.1  0.1 29.  29.  29.  29.  29.  29.
 29.  29.  29.  29.  29.  29.  29.  29.  29.  29.  29.  29.  29. ]

2022-04-01 13:13:35,849 [MainThread  ] [INFO ]  Size variables = 260
2022-04-01 13:13:35,850 [MainThread  ] [INFO ]  Shape variables = 19
2022-04-01 13:13:35,850 [MainThread  ] [INFO ]  Fixed nodes:
[[ 1]
 [19]
 [39]
 [57]]
2022-04-01 13:13:35,851 [MainThread  ] [INFO ]  Load nodes:
[[20]
 [21]
 [22]
 [23]
 [24]
 [25]
 [26]
 [27]
 [28]
 [29]
 [30]
 [31]
 [32]
 [33]
 [34]
 [35]
 [36]
 [37]
 [38]
 [58]
 [59]
 [60]
 [61]
 [62]
 [63]
 [64]
 [65]
 [66]
 [67]
 [68]
 [69]
 [70]
 [71]
 [72]
 [73]
 [74]
 [75]
 [76]]
2022-04-01 13:13:35,851 [MainThread  ] [INFO ]  Force:
[    0     0 -5000]
2022-04-01 13:13:35,851 [MainThread  ] [INFO ]  Beginning optimization
2022-04-01 13:14:53,886 [MainThread  ] [INFO ]  ===============================================================================================
2022-04-01 13:14:53,887 [MainThread  ] [INFO ]  n_gen |  n_eval | Min. weight solution      | Min. compliance solution      |   cv(min.)   |   cv(max.)  
2022-04-01 13:14:53,888 [MainThread  ] [INFO ]  1    | 100      | [1.1295232e+05 2.6400000e+00] | [1.4462094e+05 1.1300000e+00] |   0.0   |   2.5694045816315736e-05  
2022-04-01 13:14:53,888 [MainThread  ] [INFO ]  ===============================================================================================
2022-04-01 13:14:53,889 [MainThread  ] [INFO ]  Gen 1
2022-04-01 13:14:53,916 [MainThread  ] [INFO ]  Total repair time = 0
2022-04-01 13:15:35,451 [MainThread  ] [INFO ]  ===============================================================================================
2022-04-01 13:15:35,451 [MainThread  ] [INFO ]  n_gen |  n_eval | Min. weight solution      | Min. compliance solution      |   cv(min.)   |   cv(max.)  
2022-04-01 13:15:35,453 [MainThread  ] [INFO ]  2    | 200      | [1.3256692e+05 2.5400000e+00] | [1.5274962e+05 1.1600000e+00] |   0.0   |   0.0  
2022-04-01 13:15:35,453 [MainThread  ] [INFO ]  ===============================================================================================
2022-04-01 13:15:35,453 [MainThread  ] [INFO ]  Gen 2
2022-04-01 13:15:35,460 [MainThread  ] [INFO ]  Total repair time = 0
2022-04-01 13:15:46,293 [MainThread  ] [INFO ]  ===============================================================================================
2022-04-01 13:15:46,293 [MainThread  ] [INFO ]  n_gen |  n_eval | Min. weight solution      | Min. compliance solution      |   cv(min.)   |   cv(max.)  
2022-04-01 13:15:46,295 [MainThread  ] [INFO ]  3    | 300      | [1.2579239e+05 3.1000000e+00] | [1.3997347e+05 1.0700000e+00] |   0.0   |   0.0  
2022-04-01 13:15:46,295 [MainThread  ] [INFO ]  ===============================================================================================
2022-04-01 13:15:46,295 [MainThread  ] [INFO ]  Gen 3
2022-04-01 13:15:46,302 [MainThread  ] [INFO ]  Total repair time = 0
2022-04-01 13:15:57,983 [MainThread  ] [INFO ]  ===============================================================================================
2022-04-01 13:15:57,983 [MainThread  ] [INFO ]  n_gen |  n_eval | Min. weight solution      | Min. compliance solution      |   cv(min.)   |   cv(max.)  
2022-04-01 13:15:57,985 [MainThread  ] [INFO ]  4    | 400      | [1.2345135e+05 3.9300000e+00] | [1.7179406e+05 8.8000000e-01] |   0.0   |   0.0  
2022-04-01 13:15:57,985 [MainThread  ] [INFO ]  ===============================================================================================
2022-04-01 13:15:57,986 [MainThread  ] [INFO ]  Gen 4
2022-04-01 13:15:57,993 [MainThread  ] [INFO ]  Total repair time = 0
2022-04-01 13:16:10,271 [MainThread  ] [INFO ]  ===============================================================================================
2022-04-01 13:16:10,271 [MainThread  ] [INFO ]  n_gen |  n_eval | Min. weight solution      | Min. compliance solution      |   cv(min.)   |   cv(max.)  
2022-04-01 13:16:10,272 [MainThread  ] [INFO ]  5    | 500      | [1.2163134e+05 5.7800000e+00] | [1.5743915e+05 7.8000000e-01] |   0.0   |   0.0  
2022-04-01 13:16:10,272 [MainThread  ] [INFO ]  ===============================================================================================
2022-04-01 13:16:10,273 [MainThread  ] [INFO ]  Gen 5
2022-04-01 13:16:10,279 [MainThread  ] [INFO ]  Total repair time = 0
2022-04-01 13:16:22,668 [MainThread  ] [INFO ]  ===============================================================================================
2022-04-01 13:16:22,668 [MainThread  ] [INFO ]  n_gen |  n_eval | Min. weight solution      | Min. compliance solution      |   cv(min.)   |   cv(max.)  
2022-04-01 13:16:22,670 [MainThread  ] [INFO ]  6    | 600      | [1.1842306e+05 2.3700000e+00] | [1.5757465e+05 7.8000000e-01] |   0.0   |   0.0  
2022-04-01 13:16:22,670 [MainThread  ] [INFO ]  ===============================================================================================
2022-04-01 13:16:22,670 [MainThread  ] [INFO ]  Gen 6
2022-04-01 13:16:22,677 [MainThread  ] [INFO ]  Total repair time = 0
2022-04-01 13:16:35,007 [MainThread  ] [INFO ]  ===============================================================================================
2022-04-01 13:16:35,008 [MainThread  ] [INFO ]  n_gen |  n_eval | Min. weight solution      | Min. compliance solution      |   cv(min.)   |   cv(max.)  
2022-04-01 13:16:35,009 [MainThread  ] [INFO ]  7    | 700      | [1.12678e+05 2.67000e+00] | [1.7178625e+05 7.3000000e-01] |   0.0   |   0.0  
2022-04-01 13:16:35,009 [MainThread  ] [INFO ]  ===============================================================================================
2022-04-01 13:16:35,010 [MainThread  ] [INFO ]  Gen 7
2022-04-01 13:16:35,017 [MainThread  ] [INFO ]  Total repair time = 0
2022-04-01 13:16:46,880 [MainThread  ] [INFO ]  ===============================================================================================
2022-04-01 13:16:46,880 [MainThread  ] [INFO ]  n_gen |  n_eval | Min. weight solution      | Min. compliance solution      |   cv(min.)   |   cv(max.)  
2022-04-01 13:16:46,882 [MainThread  ] [INFO ]  8    | 800      | [1.1155411e+05 2.2100000e+00] | [1.7178625e+05 7.3000000e-01] |   0.0   |   0.0  
2022-04-01 13:16:46,882 [MainThread  ] [INFO ]  ===============================================================================================
2022-04-01 13:16:46,882 [MainThread  ] [INFO ]  Gen 8
2022-04-01 13:16:46,889 [MainThread  ] [INFO ]  Total repair time = 0
2022-04-01 13:16:58,562 [MainThread  ] [INFO ]  ===============================================================================================
2022-04-01 13:16:58,562 [MainThread  ] [INFO ]  n_gen |  n_eval | Min. weight solution      | Min. compliance solution      |   cv(min.)   |   cv(max.)  
2022-04-01 13:16:58,563 [MainThread  ] [INFO ]  9    | 900      | [1.02939e+05 3.63000e+00] | [1.5118399e+05 6.2000000e-01] |   0.0   |   0.0  
2022-04-01 13:16:58,563 [MainThread  ] [INFO ]  ===============================================================================================
2022-04-01 13:16:58,564 [MainThread  ] [INFO ]  Gen 9
2022-04-01 13:16:58,570 [MainThread  ] [INFO ]  Total repair time = 0
2022-04-01 13:17:10,311 [MainThread  ] [INFO ]  ===============================================================================================
2022-04-01 13:17:10,311 [MainThread  ] [INFO ]  n_gen |  n_eval | Min. weight solution      | Min. compliance solution      |   cv(min.)   |   cv(max.)  
2022-04-01 13:17:10,312 [MainThread  ] [INFO ]  10    | 1000      | [1.0257155e+05 2.2400000e+00] | [1.5118399e+05 6.2000000e-01] |   0.0   |   0.0  
2022-04-01 13:17:10,313 [MainThread  ] [INFO ]  ===============================================================================================
2022-04-01 13:17:10,313 [MainThread  ] [INFO ]  Gen 10
2022-04-01 13:17:10,320 [MainThread  ] [INFO ]  Total repair time = 0
2022-04-01 13:17:22,417 [MainThread  ] [INFO ]  ===============================================================================================
2022-04-01 13:17:22,418 [MainThread  ] [INFO ]  n_gen |  n_eval | Min. weight solution      | Min. compliance solution      |   cv(min.)   |   cv(max.)  
2022-04-01 13:17:22,419 [MainThread  ] [INFO ]  11    | 1100      | [9.502584e+04 3.420000e+00] | [1.5118399e+05 6.2000000e-01] |   0.0   |   0.0  
2022-04-01 13:17:22,419 [MainThread  ] [INFO ]  ===============================================================================================
2022-04-01 13:17:22,420 [MainThread  ] [INFO ]  Gen 11
2022-04-01 13:17:22,429 [MainThread  ] [INFO ]  Total repair time = 0
