Sequential execution.
=====================================================================================================================================================================
n_gen |  n_eval |   cv (min)   |   cv (avg)   |  n_nds  |     eps      |  indicator   | Min. weight solution | Min. compliance solution |   cv(min.)   |   cv(max.)  
=====================================================================================================================================================================
    1 |     100 |  0.00000E+00 |  1.56980E-06 |       5 |            - |            - | [1.1295232e+05 2.6400000e+00] | [1.4462094e+05 1.1300000e+00] |  0.00000E+00 |  0.000025694
Sequential execution.
    2 |     200 |  0.00000E+00 |  0.00000E+00 |       6 |  0.094832326 |        ideal | [1.3256692e+05 2.5400000e+00] | [1.5274962e+05 1.1600000e+00] |  0.00000E+00 |  0.00000E+00
Sequential execution.
    3 |     300 |  0.00000E+00 |  0.00000E+00 |       7 |  0.477716060 |        ideal | [1.2579239e+05 3.1000000e+00] | [1.3997347e+05 1.0700000e+00] |  0.00000E+00 |  0.00000E+00
Sequential execution.
    4 |     400 |  0.00000E+00 |  0.00000E+00 |       9 |  0.062394221 |        ideal | [1.2345135e+05 3.9300000e+00] | [1.7179406e+05 8.8000000e-01] |  0.00000E+00 |  0.00000E+00
Sequential execution.
    5 |     500 |  0.00000E+00 |  0.00000E+00 |      10 |  0.050827187 |        ideal | [1.2163134e+05 5.7800000e+00] | [1.5743915e+05 7.8000000e-01] |  0.00000E+00 |  0.00000E+00
Sequential execution.
    6 |     600 |  0.00000E+00 |  0.00000E+00 |       8 |  0.081945013 |        ideal | [1.1842306e+05 2.3700000e+00] | [1.5757465e+05 7.8000000e-01] |  0.00000E+00 |  0.00000E+00
Sequential execution.
    7 |     700 |  0.00000E+00 |  0.00000E+00 |      11 |  0.097195578 |        ideal | [1.12678e+05 2.67000e+00] | [1.7178625e+05 7.3000000e-01] |  0.00000E+00 |  0.00000E+00
Sequential execution.
    8 |     800 |  0.00000E+00 |  0.00000E+00 |       8 |  0.018659379 |        ideal | [1.1155411e+05 2.2100000e+00] | [1.7178625e+05 7.3000000e-01] |  0.00000E+00 |  0.00000E+00
Sequential execution.
    9 |     900 |  0.00000E+00 |  0.00000E+00 |      11 |  0.178570103 |        ideal | [1.02939e+05 3.63000e+00] | [1.5118399e+05 6.2000000e-01] |  0.00000E+00 |  0.00000E+00
Sequential execution.
   10 |    1000 |  0.00000E+00 |  0.00000E+00 |      13 |  0.007558780 |        ideal | [1.0257155e+05 2.2400000e+00] | [1.5118399e+05 6.2000000e-01] |  0.00000E+00 |  0.00000E+00
Sequential execution.
   11 |    1100 |  0.00000E+00 |  0.00000E+00 |      18 |  0.134365320 |        ideal | [9.502584e+04 3.420000e+00] | [1.5118399e+05 6.2000000e-01] |  0.00000E+00 |  0.00000E+00
Sequential execution.
