2022-03-28 20:04:51,897 [MainThread  ] [INFO ]  User-supplied arguments: ['--ncores', '1', '--popsize', '30', '--ngen', '20']
2022-03-28 20:04:51,897 [MainThread  ] [INFO ]  All arguments after parsing: Namespace(crossover='real_sbx', mutation_eta=20, mutation_prob=0.005, ncores=1, ngen=20, nruns=1, nshapevar=19, popsize=30, repair_inequality=False, repair_interval=10, repair_power=False, report_freq=10, save=None, seed=184716924, symmetric=False)
2022-03-28 20:04:51,897 [MainThread  ] [INFO ]  Population size = 30, Max. generations = 20
2022-03-28 20:04:51,897 [MainThread  ] [INFO ]  Vars = 279, Objectives = 2, Constraints = 2
2022-03-28 20:04:51,900 [MainThread  ] [INFO ]  Range of decision variables:
X_L=
[0.005 0.005 0.005 0.005 0.005 0.005 0.005 0.005 0.005 0.005 0.005 0.005
 0.005 0.005 0.005 0.005 0.005 0.005 0.005 0.005 0.005 0.005 0.005 0.005
 0.005 0.005 0.005 0.005 0.005 0.005 0.005 0.005 0.005 0.005 0.005 0.005
 0.005 0.005 0.005 0.005 0.005 0.005 0.005 0.005 0.005 0.005 0.005 0.005
 0.005 0.005 0.005 0.005 0.005 0.005 0.005 0.005 0.005 0.005 0.005 0.005
 0.005 0.005 0.005 0.005 0.005 0.005 0.005 0.005 0.005 0.005 0.005 0.005
 0.005 0.005 0.005 0.005 0.005 0.005 0.005 0.005 0.005 0.005 0.005 0.005
 0.005 0.005 0.005 0.005 0.005 0.005 0.005 0.005 0.005 0.005 0.005 0.005
 0.005 0.005 0.005 0.005 0.005 0.005 0.005 0.005 0.005 0.005 0.005 0.005
 0.005 0.005 0.005 0.005 0.005 0.005 0.005 0.005 0.005 0.005 0.005 0.005
 0.005 0.005 0.005 0.005 0.005 0.005 0.005 0.005 0.005 0.005 0.005 0.005
 0.005 0.005 0.005 0.005 0.005 0.005 0.005 0.005 0.005 0.005 0.005 0.005
 0.005 0.005 0.005 0.005 0.005 0.005 0.005 0.005 0.005 0.005 0.005 0.005
 0.005 0.005 0.005 0.005 0.005 0.005 0.005 0.005 0.005 0.005 0.005 0.005
 0.005 0.005 0.005 0.005 0.005 0.005 0.005 0.005 0.005 0.005 0.005 0.005
 0.005 0.005 0.005 0.005 0.005 0.005 0.005 0.005 0.005 0.005 0.005 0.005
 0.005 0.005 0.005 0.005 0.005 0.005 0.005 0.005 0.005 0.005 0.005 0.005
 0.005 0.005 0.005 0.005 0.005 0.005 0.005 0.005 0.005 0.005 0.005 0.005
 0.005 0.005 0.005 0.005 0.005 0.005 0.005 0.005 0.005 0.005 0.005 0.005
 0.005 0.005 0.005 0.005 0.005 0.005 0.005 0.005 0.005 0.005 0.005 0.005
 0.005 0.005 0.005 0.005 0.005 0.005 0.005 0.005 0.005 0.005 0.005 0.005
 0.005 0.005 0.005 0.005 0.005 0.005 0.005 0.005 0.5   0.5   0.5   0.5
 0.5   0.5   0.5   0.5   0.5   0.5   0.5   0.5   0.5   0.5   0.5   0.5
 0.5   0.5   0.5  ]
X_U=
[ 0.1  0.1  0.1  0.1  0.1  0.1  0.1  0.1  0.1  0.1  0.1  0.1  0.1  0.1
  0.1  0.1  0.1  0.1  0.1  0.1  0.1  0.1  0.1  0.1  0.1  0.1  0.1  0.1
  0.1  0.1  0.1  0.1  0.1  0.1  0.1  0.1  0.1  0.1  0.1  0.1  0.1  0.1
  0.1  0.1  0.1  0.1  0.1  0.1  0.1  0.1  0.1  0.1  0.1  0.1  0.1  0.1
  0.1  0.1  0.1  0.1  0.1  0.1  0.1  0.1  0.1  0.1  0.1  0.1  0.1  0.1
  0.1  0.1  0.1  0.1  0.1  0.1  0.1  0.1  0.1  0.1  0.1  0.1  0.1  0.1
  0.1  0.1  0.1  0.1  0.1  0.1  0.1  0.1  0.1  0.1  0.1  0.1  0.1  0.1
  0.1  0.1  0.1  0.1  0.1  0.1  0.1  0.1  0.1  0.1  0.1  0.1  0.1  0.1
  0.1  0.1  0.1  0.1  0.1  0.1  0.1  0.1  0.1  0.1  0.1  0.1  0.1  0.1
  0.1  0.1  0.1  0.1  0.1  0.1  0.1  0.1  0.1  0.1  0.1  0.1  0.1  0.1
  0.1  0.1  0.1  0.1  0.1  0.1  0.1  0.1  0.1  0.1  0.1  0.1  0.1  0.1
  0.1  0.1  0.1  0.1  0.1  0.1  0.1  0.1  0.1  0.1  0.1  0.1  0.1  0.1
  0.1  0.1  0.1  0.1  0.1  0.1  0.1  0.1  0.1  0.1  0.1  0.1  0.1  0.1
  0.1  0.1  0.1  0.1  0.1  0.1  0.1  0.1  0.1  0.1  0.1  0.1  0.1  0.1
  0.1  0.1  0.1  0.1  0.1  0.1  0.1  0.1  0.1  0.1  0.1  0.1  0.1  0.1
  0.1  0.1  0.1  0.1  0.1  0.1  0.1  0.1  0.1  0.1  0.1  0.1  0.1  0.1
  0.1  0.1  0.1  0.1  0.1  0.1  0.1  0.1  0.1  0.1  0.1  0.1  0.1  0.1
  0.1  0.1  0.1  0.1  0.1  0.1  0.1  0.1  0.1  0.1  0.1  0.1  0.1  0.1
  0.1  0.1  0.1  0.1  0.1  0.1  0.1  0.1 29.  29.  29.  29.  29.  29.
 29.  29.  29.  29.  29.  29.  29.  29.  29.  29.  29.  29.  29. ]

2022-03-28 20:04:51,900 [MainThread  ] [INFO ]  Size variables = 260
2022-03-28 20:04:51,900 [MainThread  ] [INFO ]  Shape variables = 19
2022-03-28 20:04:51,900 [MainThread  ] [INFO ]  Fixed nodes:
[[ 1]
 [19]
 [39]
 [57]]
2022-03-28 20:04:51,900 [MainThread  ] [INFO ]  Load nodes:
[[20]
 [21]
 [22]
 [23]
 [24]
 [25]
 [26]
 [27]
 [28]
 [29]
 [30]
 [31]
 [32]
 [33]
 [34]
 [35]
 [36]
 [37]
 [38]
 [58]
 [59]
 [60]
 [61]
 [62]
 [63]
 [64]
 [65]
 [66]
 [67]
 [68]
 [69]
 [70]
 [71]
 [72]
 [73]
 [74]
 [75]
 [76]]
2022-03-28 20:04:51,900 [MainThread  ] [INFO ]  Force:
[    0     0 -5000]
2022-03-28 20:04:51,900 [MainThread  ] [INFO ]  Beginning optimization
2022-03-28 20:04:56,299 [MainThread  ] [INFO ]  ===============================================================================================
2022-03-28 20:04:56,299 [MainThread  ] [INFO ]  n_gen |  n_eval | Min. weight solution      | Min. compliance solution      |   cv(min.)   |   cv(max.)  
2022-03-28 20:04:56,300 [MainThread  ] [INFO ]  1    | 30      | [1.260868e+05 2.450000e+00] | [1.6977917e+05 1.1400000e+00] |   0.0   |   2.0979663559295147e-05  
2022-03-28 20:04:56,300 [MainThread  ] [INFO ]  ===============================================================================================
2022-03-28 20:04:56,301 [MainThread  ] [INFO ]  Gen 1
2022-03-28 20:04:56,306 [MainThread  ] [INFO ]  Total repair time = 0
2022-03-28 20:05:01,483 [MainThread  ] [INFO ]  ===============================================================================================
2022-03-28 20:05:01,483 [MainThread  ] [INFO ]  n_gen |  n_eval | Min. weight solution      | Min. compliance solution      |   cv(min.)   |   cv(max.)  
2022-03-28 20:05:01,484 [MainThread  ] [INFO ]  2    | 60      | [1.3670471e+05 1.5100000e+00] | [1.3670471e+05 1.5100000e+00] |   0.0   |   0.0  
2022-03-28 20:05:01,484 [MainThread  ] [INFO ]  ===============================================================================================
2022-03-28 20:05:01,485 [MainThread  ] [INFO ]  Gen 2
2022-03-28 20:05:01,490 [MainThread  ] [INFO ]  Total repair time = 0
2022-03-28 20:05:06,757 [MainThread  ] [INFO ]  ===============================================================================================
2022-03-28 20:05:06,757 [MainThread  ] [INFO ]  n_gen |  n_eval | Min. weight solution      | Min. compliance solution      |   cv(min.)   |   cv(max.)  
2022-03-28 20:05:06,758 [MainThread  ] [INFO ]  3    | 90      | [1.3670471e+05 1.5100000e+00] | [1.3670604e+05 1.5100000e+00] |   0.0   |   0.0  
2022-03-28 20:05:06,759 [MainThread  ] [INFO ]  ===============================================================================================
2022-03-28 20:05:06,759 [MainThread  ] [INFO ]  Gen 3
2022-03-28 20:05:06,764 [MainThread  ] [INFO ]  Total repair time = 0
