2022-04-01 13:29:18,176 [MainThread  ] [INFO ]  User-supplied arguments: ['--ncores', '1']
2022-04-01 13:29:18,176 [MainThread  ] [INFO ]  All arguments after parsing: Namespace(crossover='real_sbx', mutation_eta=20, mutation_prob=0.005, ncores=1, ngen=200, nruns=1, nshapevar=19, popsize=100, repair_inequality=False, repair_interval=10, repair_power=False, report_freq=10, save=None, seed=184716924, symmetric=False)
2022-04-01 13:29:18,176 [MainThread  ] [INFO ]  Population size = 100, Max. generations = 200
2022-04-01 13:29:18,176 [MainThread  ] [INFO ]  Vars = 279, Objectives = 2, Constraints = 2
2022-04-01 13:29:18,180 [MainThread  ] [INFO ]  Range of decision variables:
X_L=
[0.005 0.005 0.005 0.005 0.005 0.005 0.005 0.005 0.005 0.005 0.005 0.005
 0.005 0.005 0.005 0.005 0.005 0.005 0.005 0.005 0.005 0.005 0.005 0.005
 0.005 0.005 0.005 0.005 0.005 0.005 0.005 0.005 0.005 0.005 0.005 0.005
 0.005 0.005 0.005 0.005 0.005 0.005 0.005 0.005 0.005 0.005 0.005 0.005
 0.005 0.005 0.005 0.005 0.005 0.005 0.005 0.005 0.005 0.005 0.005 0.005
 0.005 0.005 0.005 0.005 0.005 0.005 0.005 0.005 0.005 0.005 0.005 0.005
 0.005 0.005 0.005 0.005 0.005 0.005 0.005 0.005 0.005 0.005 0.005 0.005
 0.005 0.005 0.005 0.005 0.005 0.005 0.005 0.005 0.005 0.005 0.005 0.005
 0.005 0.005 0.005 0.005 0.005 0.005 0.005 0.005 0.005 0.005 0.005 0.005
 0.005 0.005 0.005 0.005 0.005 0.005 0.005 0.005 0.005 0.005 0.005 0.005
 0.005 0.005 0.005 0.005 0.005 0.005 0.005 0.005 0.005 0.005 0.005 0.005
 0.005 0.005 0.005 0.005 0.005 0.005 0.005 0.005 0.005 0.005 0.005 0.005
 0.005 0.005 0.005 0.005 0.005 0.005 0.005 0.005 0.005 0.005 0.005 0.005
 0.005 0.005 0.005 0.005 0.005 0.005 0.005 0.005 0.005 0.005 0.005 0.005
 0.005 0.005 0.005 0.005 0.005 0.005 0.005 0.005 0.005 0.005 0.005 0.005
 0.005 0.005 0.005 0.005 0.005 0.005 0.005 0.005 0.005 0.005 0.005 0.005
 0.005 0.005 0.005 0.005 0.005 0.005 0.005 0.005 0.005 0.005 0.005 0.005
 0.005 0.005 0.005 0.005 0.005 0.005 0.005 0.005 0.005 0.005 0.005 0.005
 0.005 0.005 0.005 0.005 0.005 0.005 0.005 0.005 0.005 0.005 0.005 0.005
 0.005 0.005 0.005 0.005 0.005 0.005 0.005 0.005 0.005 0.005 0.005 0.005
 0.005 0.005 0.005 0.005 0.005 0.005 0.005 0.005 0.005 0.005 0.005 0.005
 0.005 0.005 0.005 0.005 0.005 0.005 0.005 0.005 0.5   0.5   0.5   0.5
 0.5   0.5   0.5   0.5   0.5   0.5   0.5   0.5   0.5   0.5   0.5   0.5
 0.5   0.5   0.5  ]
X_U=
[ 0.1  0.1  0.1  0.1  0.1  0.1  0.1  0.1  0.1  0.1  0.1  0.1  0.1  0.1
  0.1  0.1  0.1  0.1  0.1  0.1  0.1  0.1  0.1  0.1  0.1  0.1  0.1  0.1
  0.1  0.1  0.1  0.1  0.1  0.1  0.1  0.1  0.1  0.1  0.1  0.1  0.1  0.1
  0.1  0.1  0.1  0.1  0.1  0.1  0.1  0.1  0.1  0.1  0.1  0.1  0.1  0.1
  0.1  0.1  0.1  0.1  0.1  0.1  0.1  0.1  0.1  0.1  0.1  0.1  0.1  0.1
  0.1  0.1  0.1  0.1  0.1  0.1  0.1  0.1  0.1  0.1  0.1  0.1  0.1  0.1
  0.1  0.1  0.1  0.1  0.1  0.1  0.1  0.1  0.1  0.1  0.1  0.1  0.1  0.1
  0.1  0.1  0.1  0.1  0.1  0.1  0.1  0.1  0.1  0.1  0.1  0.1  0.1  0.1
  0.1  0.1  0.1  0.1  0.1  0.1  0.1  0.1  0.1  0.1  0.1  0.1  0.1  0.1
  0.1  0.1  0.1  0.1  0.1  0.1  0.1  0.1  0.1  0.1  0.1  0.1  0.1  0.1
  0.1  0.1  0.1  0.1  0.1  0.1  0.1  0.1  0.1  0.1  0.1  0.1  0.1  0.1
  0.1  0.1  0.1  0.1  0.1  0.1  0.1  0.1  0.1  0.1  0.1  0.1  0.1  0.1
  0.1  0.1  0.1  0.1  0.1  0.1  0.1  0.1  0.1  0.1  0.1  0.1  0.1  0.1
  0.1  0.1  0.1  0.1  0.1  0.1  0.1  0.1  0.1  0.1  0.1  0.1  0.1  0.1
  0.1  0.1  0.1  0.1  0.1  0.1  0.1  0.1  0.1  0.1  0.1  0.1  0.1  0.1
  0.1  0.1  0.1  0.1  0.1  0.1  0.1  0.1  0.1  0.1  0.1  0.1  0.1  0.1
  0.1  0.1  0.1  0.1  0.1  0.1  0.1  0.1  0.1  0.1  0.1  0.1  0.1  0.1
  0.1  0.1  0.1  0.1  0.1  0.1  0.1  0.1  0.1  0.1  0.1  0.1  0.1  0.1
  0.1  0.1  0.1  0.1  0.1  0.1  0.1  0.1 29.  29.  29.  29.  29.  29.
 29.  29.  29.  29.  29.  29.  29.  29.  29.  29.  29.  29.  29. ]

2022-04-01 13:29:18,180 [MainThread  ] [INFO ]  Size variables = 260
2022-04-01 13:29:18,180 [MainThread  ] [INFO ]  Shape variables = 19
2022-04-01 13:29:18,180 [MainThread  ] [INFO ]  Fixed nodes:
[[ 1]
 [19]
 [39]
 [57]]
2022-04-01 13:29:18,180 [MainThread  ] [INFO ]  Load nodes:
[[20]
 [21]
 [22]
 [23]
 [24]
 [25]
 [26]
 [27]
 [28]
 [29]
 [30]
 [31]
 [32]
 [33]
 [34]
 [35]
 [36]
 [37]
 [38]
 [58]
 [59]
 [60]
 [61]
 [62]
 [63]
 [64]
 [65]
 [66]
 [67]
 [68]
 [69]
 [70]
 [71]
 [72]
 [73]
 [74]
 [75]
 [76]]
2022-04-01 13:29:18,180 [MainThread  ] [INFO ]  Force:
[    0     0 -5000]
2022-04-01 13:29:18,180 [MainThread  ] [INFO ]  Beginning optimization
2022-04-01 13:29:29,411 [MainThread  ] [INFO ]  ===============================================================================================
2022-04-01 13:29:29,411 [MainThread  ] [INFO ]  n_gen |  n_eval | Min. weight solution      | Min. compliance solution      |   cv(min.)   |   cv(max.)  
2022-04-01 13:29:29,412 [MainThread  ] [INFO ]  1    | 100      | [1.1295232e+05 2.6400000e+00] | [1.4462094e+05 1.1300000e+00] |   0.0   |   2.5694045816315736e-05  
2022-04-01 13:29:29,412 [MainThread  ] [INFO ]  ===============================================================================================
2022-04-01 13:29:29,413 [MainThread  ] [INFO ]  Gen 1
2022-04-01 13:29:29,423 [MainThread  ] [INFO ]  Total repair time = 0
2022-04-01 13:29:41,453 [MainThread  ] [INFO ]  ===============================================================================================
2022-04-01 13:29:41,453 [MainThread  ] [INFO ]  n_gen |  n_eval | Min. weight solution      | Min. compliance solution      |   cv(min.)   |   cv(max.)  
2022-04-01 13:29:41,454 [MainThread  ] [INFO ]  2    | 200      | [1.3256692e+05 2.5400000e+00] | [1.5274962e+05 1.1600000e+00] |   0.0   |   0.0  
2022-04-01 13:29:41,454 [MainThread  ] [INFO ]  ===============================================================================================
2022-04-01 13:29:41,454 [MainThread  ] [INFO ]  Gen 2
2022-04-01 13:29:41,458 [MainThread  ] [INFO ]  Total repair time = 0
2022-04-01 13:29:56,527 [MainThread  ] [INFO ]  ===============================================================================================
2022-04-01 13:29:56,527 [MainThread  ] [INFO ]  n_gen |  n_eval | Min. weight solution      | Min. compliance solution      |   cv(min.)   |   cv(max.)  
2022-04-01 13:29:56,528 [MainThread  ] [INFO ]  3    | 300      | [1.2579239e+05 3.1000000e+00] | [1.3997347e+05 1.0700000e+00] |   0.0   |   0.0  
2022-04-01 13:29:56,528 [MainThread  ] [INFO ]  ===============================================================================================
2022-04-01 13:29:56,528 [MainThread  ] [INFO ]  Gen 3
2022-04-01 13:29:56,533 [MainThread  ] [INFO ]  Total repair time = 0
2022-04-01 13:30:10,571 [MainThread  ] [INFO ]  ===============================================================================================
2022-04-01 13:30:10,571 [MainThread  ] [INFO ]  n_gen |  n_eval | Min. weight solution      | Min. compliance solution      |   cv(min.)   |   cv(max.)  
2022-04-01 13:30:10,572 [MainThread  ] [INFO ]  4    | 400      | [1.2345135e+05 3.9300000e+00] | [1.7179406e+05 8.8000000e-01] |   0.0   |   0.0  
2022-04-01 13:30:10,572 [MainThread  ] [INFO ]  ===============================================================================================
2022-04-01 13:30:10,572 [MainThread  ] [INFO ]  Gen 4
2022-04-01 13:30:10,577 [MainThread  ] [INFO ]  Total repair time = 0
2022-04-01 13:30:23,680 [MainThread  ] [INFO ]  ===============================================================================================
2022-04-01 13:30:23,681 [MainThread  ] [INFO ]  n_gen |  n_eval | Min. weight solution      | Min. compliance solution      |   cv(min.)   |   cv(max.)  
2022-04-01 13:30:23,682 [MainThread  ] [INFO ]  5    | 500      | [1.2163134e+05 5.7800000e+00] | [1.5743915e+05 7.8000000e-01] |   0.0   |   0.0  
2022-04-01 13:30:23,683 [MainThread  ] [INFO ]  ===============================================================================================
2022-04-01 13:30:23,683 [MainThread  ] [INFO ]  Gen 5
2022-04-01 13:30:23,689 [MainThread  ] [INFO ]  Total repair time = 0
