2022-04-01 13:30:36,074 [MainThread  ] [INFO ]  User-supplied arguments: ['--ncores', '1']
2022-04-01 13:30:36,075 [MainThread  ] [INFO ]  All arguments after parsing: Namespace(crossover='real_sbx', mutation_eta=20, mutation_prob=0.005, ncores=1, ngen=200, nruns=1, nshapevar=19, popsize=100, repair_inequality=False, repair_interval=10, repair_power=False, report_freq=10, save=None, seed=184716924, symmetric=False)
2022-04-01 13:30:36,075 [MainThread  ] [INFO ]  Population size = 100, Max. generations = 200
2022-04-01 13:30:36,076 [MainThread  ] [INFO ]  Vars = 279, Objectives = 2, Constraints = 2
2022-04-01 13:30:36,098 [MainThread  ] [INFO ]  Range of decision variables:
X_L=
[0.005 0.005 0.005 0.005 0.005 0.005 0.005 0.005 0.005 0.005 0.005 0.005
 0.005 0.005 0.005 0.005 0.005 0.005 0.005 0.005 0.005 0.005 0.005 0.005
 0.005 0.005 0.005 0.005 0.005 0.005 0.005 0.005 0.005 0.005 0.005 0.005
 0.005 0.005 0.005 0.005 0.005 0.005 0.005 0.005 0.005 0.005 0.005 0.005
 0.005 0.005 0.005 0.005 0.005 0.005 0.005 0.005 0.005 0.005 0.005 0.005
 0.005 0.005 0.005 0.005 0.005 0.005 0.005 0.005 0.005 0.005 0.005 0.005
 0.005 0.005 0.005 0.005 0.005 0.005 0.005 0.005 0.005 0.005 0.005 0.005
 0.005 0.005 0.005 0.005 0.005 0.005 0.005 0.005 0.005 0.005 0.005 0.005
 0.005 0.005 0.005 0.005 0.005 0.005 0.005 0.005 0.005 0.005 0.005 0.005
 0.005 0.005 0.005 0.005 0.005 0.005 0.005 0.005 0.005 0.005 0.005 0.005
 0.005 0.005 0.005 0.005 0.005 0.005 0.005 0.005 0.005 0.005 0.005 0.005
 0.005 0.005 0.005 0.005 0.005 0.005 0.005 0.005 0.005 0.005 0.005 0.005
 0.005 0.005 0.005 0.005 0.005 0.005 0.005 0.005 0.005 0.005 0.005 0.005
 0.005 0.005 0.005 0.005 0.005 0.005 0.005 0.005 0.005 0.005 0.005 0.005
 0.005 0.005 0.005 0.005 0.005 0.005 0.005 0.005 0.005 0.005 0.005 0.005
 0.005 0.005 0.005 0.005 0.005 0.005 0.005 0.005 0.005 0.005 0.005 0.005
 0.005 0.005 0.005 0.005 0.005 0.005 0.005 0.005 0.005 0.005 0.005 0.005
 0.005 0.005 0.005 0.005 0.005 0.005 0.005 0.005 0.005 0.005 0.005 0.005
 0.005 0.005 0.005 0.005 0.005 0.005 0.005 0.005 0.005 0.005 0.005 0.005
 0.005 0.005 0.005 0.005 0.005 0.005 0.005 0.005 0.005 0.005 0.005 0.005
 0.005 0.005 0.005 0.005 0.005 0.005 0.005 0.005 0.005 0.005 0.005 0.005
 0.005 0.005 0.005 0.005 0.005 0.005 0.005 0.005 0.5   0.5   0.5   0.5
 0.5   0.5   0.5   0.5   0.5   0.5   0.5   0.5   0.5   0.5   0.5   0.5
 0.5   0.5   0.5  ]
X_U=
[ 0.1  0.1  0.1  0.1  0.1  0.1  0.1  0.1  0.1  0.1  0.1  0.1  0.1  0.1
  0.1  0.1  0.1  0.1  0.1  0.1  0.1  0.1  0.1  0.1  0.1  0.1  0.1  0.1
  0.1  0.1  0.1  0.1  0.1  0.1  0.1  0.1  0.1  0.1  0.1  0.1  0.1  0.1
  0.1  0.1  0.1  0.1  0.1  0.1  0.1  0.1  0.1  0.1  0.1  0.1  0.1  0.1
  0.1  0.1  0.1  0.1  0.1  0.1  0.1  0.1  0.1  0.1  0.1  0.1  0.1  0.1
  0.1  0.1  0.1  0.1  0.1  0.1  0.1  0.1  0.1  0.1  0.1  0.1  0.1  0.1
  0.1  0.1  0.1  0.1  0.1  0.1  0.1  0.1  0.1  0.1  0.1  0.1  0.1  0.1
  0.1  0.1  0.1  0.1  0.1  0.1  0.1  0.1  0.1  0.1  0.1  0.1  0.1  0.1
  0.1  0.1  0.1  0.1  0.1  0.1  0.1  0.1  0.1  0.1  0.1  0.1  0.1  0.1
  0.1  0.1  0.1  0.1  0.1  0.1  0.1  0.1  0.1  0.1  0.1  0.1  0.1  0.1
  0.1  0.1  0.1  0.1  0.1  0.1  0.1  0.1  0.1  0.1  0.1  0.1  0.1  0.1
  0.1  0.1  0.1  0.1  0.1  0.1  0.1  0.1  0.1  0.1  0.1  0.1  0.1  0.1
  0.1  0.1  0.1  0.1  0.1  0.1  0.1  0.1  0.1  0.1  0.1  0.1  0.1  0.1
  0.1  0.1  0.1  0.1  0.1  0.1  0.1  0.1  0.1  0.1  0.1  0.1  0.1  0.1
  0.1  0.1  0.1  0.1  0.1  0.1  0.1  0.1  0.1  0.1  0.1  0.1  0.1  0.1
  0.1  0.1  0.1  0.1  0.1  0.1  0.1  0.1  0.1  0.1  0.1  0.1  0.1  0.1
  0.1  0.1  0.1  0.1  0.1  0.1  0.1  0.1  0.1  0.1  0.1  0.1  0.1  0.1
  0.1  0.1  0.1  0.1  0.1  0.1  0.1  0.1  0.1  0.1  0.1  0.1  0.1  0.1
  0.1  0.1  0.1  0.1  0.1  0.1  0.1  0.1 29.  29.  29.  29.  29.  29.
 29.  29.  29.  29.  29.  29.  29.  29.  29.  29.  29.  29.  29. ]

2022-04-01 13:30:36,098 [MainThread  ] [INFO ]  Size variables = 260
2022-04-01 13:30:36,098 [MainThread  ] [INFO ]  Shape variables = 19
2022-04-01 13:30:36,099 [MainThread  ] [INFO ]  Fixed nodes:
[[ 1]
 [19]
 [39]
 [57]]
2022-04-01 13:30:36,100 [MainThread  ] [INFO ]  Load nodes:
[[20]
 [21]
 [22]
 [23]
 [24]
 [25]
 [26]
 [27]
 [28]
 [29]
 [30]
 [31]
 [32]
 [33]
 [34]
 [35]
 [36]
 [37]
 [38]
 [58]
 [59]
 [60]
 [61]
 [62]
 [63]
 [64]
 [65]
 [66]
 [67]
 [68]
 [69]
 [70]
 [71]
 [72]
 [73]
 [74]
 [75]
 [76]]
2022-04-01 13:30:36,102 [MainThread  ] [INFO ]  Force:
[    0     0 -5000]
2022-04-01 13:30:36,102 [MainThread  ] [INFO ]  Beginning optimization
2022-04-01 13:30:53,277 [MainThread  ] [INFO ]  ===============================================================================================
2022-04-01 13:30:53,278 [MainThread  ] [INFO ]  n_gen |  n_eval | Min. weight solution      | Min. compliance solution      |   cv(min.)   |   cv(max.)  
2022-04-01 13:30:53,279 [MainThread  ] [INFO ]  1    | 100      | [1.1295232e+05 2.6400000e+00] | [1.4462094e+05 1.1300000e+00] |   0.0   |   2.5694045816315736e-05  
2022-04-01 13:30:53,279 [MainThread  ] [INFO ]  ===============================================================================================
2022-04-01 13:30:53,280 [MainThread  ] [INFO ]  Gen 1
2022-04-01 13:30:53,294 [MainThread  ] [INFO ]  Total repair time = 0
